#
# A fatal error has been detected by the Java Runtime Environment:
#
#  EXCEPTION_ACCESS_VIOLATION (0xc0000005) at pc=0x00007ff94574c2c4, pid=16748, tid=21876
#
# JRE version: Java(TM) SE Runtime Environment (21.0.3+7) (build 21.0.3+7-LTS-152)
# Java VM: Java HotSpot(TM) 64-Bit Server VM (21.0.3+7-LTS-152, mixed mode, sharing, tiered, compressed oops, compressed class ptrs, g1 gc, windows-amd64)
# Problematic frame:
# C  [cyjagent.dll+0xc2c4]
#
# No core dump will be written. Minidumps are not enabled by default on client versions of Windows
#
# If you would like to submit a bug report, please visit:
#   https://bugreport.java.com/bugreport/crash.jsp
# The crash happened outside the Java Virtual Machine in native code.
# See problematic frame for where to report the bug.
#

---------------  S U M M A R Y ------------

Command Line: -javaagent:C:\Users\Ranganatha.BR\AppData\Local\JetBrains\IntelliJ IDEA Community Edition 2024.1.3\lib\idea_rt.jar=53511:C:\Users\Ranganatha.BR\AppData\Local\JetBrains\IntelliJ IDEA Community Edition 2024.1.3\bin -Dfile.encoding=UTF-8 -Dsun.stdout.encoding=UTF-8 -Dsun.stderr.encoding=UTF-8 -agentpath:C:\Program Files\Palo Alto Networks\Traps\cyjagent.dll gsCoderPadQA.MinDistanceBetweenWords

Host: 11th Gen Intel(R) Core(TM) i5-1135G7 @ 2.40GHz, 8 cores, 15G,  Windows 10 , 64 bit Build 19041 (10.0.19041.4842)
Time: Fri Oct  4 17:48:55 2024 India Standard Time elapsed time: 0.163973 seconds (0d 0h 0m 0s)

---------------  T H R E A D  ---------------

Current thread (0x0000020fcf9cc170):  JavaThread "Monitor Ctrl-Break" daemon [_thread_in_native, id=21876, stack(0x000000b7e0800000,0x000000b7e0900000) (1024K)]

Stack: [0x000000b7e0800000,0x000000b7e0900000],  sp=0x000000b7e08fd820,  free space=1014k
Native frames: (J=compiled Java code, j=interpreted, Vv=VM code, C=native code)
C  [cyjagent.dll+0xc2c4]

Java frames: (J=compiled Java code, j=interpreted, Vv=VM code)
j  java.net.InetAddress.initializePlatformLookupPolicy()Ljava/net/spi/InetAddressResolver$LookupPolicy;+105 java.base@21.0.3
j  java.net.InetAddress.<clinit>()V+115 java.base@21.0.3
v  ~StubRoutines::call_stub 0x0000020fbfb210e7
j  java.net.InetSocketAddress.<init>(Ljava/lang/String;I)V+15 java.base@21.0.3
j  java.net.Socket.<init>(Ljava/lang/String;I)V+11 java.base@21.0.3
j  com.intellij.rt.execution.application.AppMainV2$1.run()V+10
v  ~StubRoutines::call_stub 0x0000020fbfb210e7

siginfo: EXCEPTION_ACCESS_VIOLATION (0xc0000005), reading address 0x0000000000000000


Registers:
RAX=0x0000000000000000, RBX=0x0000020fcf9cc528, RCX=0x0000000000000000, RDX=0x0000020fae126f70
RSP=0x000000b7e08fd820, RBP=0x0000020fb85df8d0, RSI=0x0000000000000000, RDI=0x0000020fcfa77268
R8 =0x000000b7e08fd668, R9 =0x0000020fb85df8d0, R10=0x0000000000000000, R11=0x0000000000000246
R12=0x0000020fcfa77268, R13=0x0000020fcf9cc170, R14=0x0000020fcf9cc170, R15=0x0000000000000000
RIP=0x00007ff94574c2c4, EFLAGS=0x0000000000010202


Register to memory mapping:

RAX=0x0 is null
RBX=0x0000020fcf9cc528 points into unknown readable memory: 0x00007ff8a8854600 | 00 46 85 a8 f8 7f 00 00
RCX=0x0 is null
RDX=0x0000020fae126f70 points into unknown readable memory: 0x0000020fcf9cc170 | 70 c1 9c cf 0f 02 00 00
RSP=0x000000b7e08fd820 is pointing into the stack for thread: 0x0000020fcf9cc170
RBP=0x0000020fb85df8d0 points into unknown readable memory: 0x0000020fb8556ba0 | a0 6b 55 b8 0f 02 00 00
RSI=0x0 is null
RDI=0x0000020fcfa77268 points into unknown readable memory: 0x74656e2f6176616a | 6a 61 76 61 2f 6e 65 74
R8 =0x000000b7e08fd668 is pointing into the stack for thread: 0x0000020fcf9cc170
R9 =0x0000020fb85df8d0 points into unknown readable memory: 0x0000020fb8556ba0 | a0 6b 55 b8 0f 02 00 00
R10=0x0 is null
R11=0x0000000000000246 is an unknown value
R12=0x0000020fcfa77268 points into unknown readable memory: 0x74656e2f6176616a | 6a 61 76 61 2f 6e 65 74
R13=0x0000020fcf9cc170 is a thread
R14=0x0000020fcf9cc170 is a thread
R15=0x0 is null

Top of Stack: (sp=0x000000b7e08fd820)
0x000000b7e08fd820:   0000020fcfa77268 0000020fcf9cc528
0x000000b7e08fd830:   0000000000000000 0000020fae12c3a0
0x000000b7e08fd840:   0000000000000000 0000000000000000
0x000000b7e08fd850:   0000020fd055e6d0 0000020fb85df8d0
0x000000b7e08fd860:   000000000000002d 000000b7e08fda40
0x000000b7e08fd870:   0000020fae1fec40 0000000000000000
0x000000b7e08fd880:   000000b7e08fda78 00007ff8a822d65e
0x000000b7e08fd890:   0000020fae1fec40 0000000000000000
0x000000b7e08fd8a0:   000000b7e08fda40 00000000000004a3
0x000000b7e08fd8b0:   0000020fcfa77268 0000000000000000
0x000000b7e08fd8c0:   0000020f000004a3 0000020fcfa76d90
0x000000b7e08fd8d0:   000000b7e08fd9c8 000000b7e08fd8e8
0x000000b7e08fd8e0:   0000000000000000 0000000000000000
0x000000b7e08fd8f0:   0000000000000000 0000020fcf7fbb98
0x000000b7e08fd900:   0000020fcf98f3b0 0000020fcfa76d80
0x000000b7e08fd910:   0000020fcfa77298 0000020fcfa7ed68
0x000000b7e08fd920:   00000000000083b0 0000020fcf9cc170
0x000000b7e08fd930:   0000020fcf9cc170 0000020fcf98ff30
0x000000b7e08fd940:   0000020fcf9c48d0 0000020fcf9c48e8
0x000000b7e08fd950:   0000020fcf9c49b8 00000000000000d8
0x000000b7e08fd960:   000000b7e08fe010 0000000000002097
0x000000b7e08fd970:   0000000000000070 0000020fcf9cc170
0x000000b7e08fd980:   0000000000000004 0000020fae1fec40
0x000000b7e08fd990:   000000b7e08fda40 0000020fcf80d000
0x000000b7e08fd9a0:   0000000000000020 00007ff8a8224c32
0x000000b7e08fd9b0:   0000020fcf7fbb01 00007ff93ed725f6
0x000000b7e08fd9c0:   0000020fae77d001 0000020f00000000
0x000000b7e08fd9d0:   0000020fcf80d000 0000020fd055e6d0
0x000000b7e08fd9e0:   0000020fcf80d010 0000020fcf7fbb80
0x000000b7e08fd9f0:   0000000000000000 00007ff8a8224d2b
0x000000b7e08fda00:   000000b7e08fdb08 0000000000000000
0x000000b7e08fda10:   0000020fcf9cc170 0000020fcf7fbb80 

Instructions: (pc=0x00007ff94574c2c4)
0x00007ff94574c1c4:   00 00 03 72 2d 44 8b ce 48 8d 05 3d df 01 00 ba
0x00007ff94574c1d4:   2f 00 00 00 4e 8b 0c c8 48 8b 89 10 03 00 00 4c
0x00007ff94574c1e4:   8d 05 56 de 01 00 e8 51 4f ff ff 48 8b 0d ea 37
0x00007ff94574c1f4:   02 00 48 3b cb 74 68 f6 81 1c 03 00 00 10 74 5f
0x00007ff94574c204:   80 b9 19 03 00 00 02 72 56 4c 8b 8c 24 90 00 00
0x00007ff94574c214:   00 4c 8d 05 24 de 01 00 48 8b 89 10 03 00 00 ba
0x00007ff94574c224:   31 00 00 00 e8 13 4f ff ff eb 34 49 8b 0f 4c 8b
0x00007ff94574c234:   c3 48 8b d6 e8 f3 63 00 00 48 8b 84 24 b0 00 00
0x00007ff94574c244:   00 89 18 48 8b 0d 7a 4b 02 00 4c 8b c6 33 d2 ff
0x00007ff94574c254:   15 a7 4f 01 00 eb 08 a8 02 75 04 c6 47 40 01 b8
0x00007ff94574c264:   ff ff ff ff f0 0f c1 47 10 4c 8b b4 24 88 00 00
0x00007ff94574c274:   00 83 f8 01 75 42 48 8b 4f 18 48 81 c1 70 01 00
0x00007ff94574c284:   00 ff 15 1d 50 01 00 48 8b 0f 48 8b 47 08 48 89
0x00007ff94574c294:   08 48 89 41 08 48 8b 4f 18 48 81 c1 70 01 00 00
0x00007ff94574c2a4:   ff 15 06 50 01 00 48 8b 0d 17 4b 02 00 4c 8b c7
0x00007ff94574c2b4:   33 d2 ff 15 44 4f 01 00 48 8b 4d 20 48 8b 55 10
0x00007ff94574c2c4:   48 8b 01 48 8b 80 08 01 00 00 ff 15 0c 50 01 00
0x00007ff94574c2d4:   85 c0 74 40 48 8b 0d 01 37 02 00 48 8d 15 fa 36
0x00007ff94574c2e4:   02 00 48 3b ca 74 2d f6 81 1c 03 00 00 10 74 24
0x00007ff94574c2f4:   80 b9 19 03 00 00 03 72 1b 48 8b 89 10 03 00 00
0x00007ff94574c304:   4c 8d 05 35 dd 01 00 ba 15 00 00 00 44 8b c8 e8
0x00007ff94574c314:   68 4d ff ff 48 8b 6c 24 78 48 8b b4 24 80 00 00
0x00007ff94574c324:   00 48 83 c4 50 41 5f 5f 5b c3 cc cc 40 57 48 83
0x00007ff94574c334:   ec 30 f6 81 78 01 00 00 04 48 8b f9 0f 85 87 02
0x00007ff94574c344:   00 00 48 89 5c 24 40 45 33 c9 48 89 6c 24 48 33
0x00007ff94574c354:   d2 48 89 74 24 50 48 8b 71 20 45 8d 41 32 48 8b
0x00007ff94574c364:   ce 48 8b 06 48 8b 40 08 ff 15 6e 4f 01 00 48 8d
0x00007ff94574c374:   2d 67 36 02 00 85 c0 74 37 48 8b 0d 5c 36 02 00
0x00007ff94574c384:   48 3b cd 74 2b f6 81 1c 03 00 00 10 74 22 80 b9
0x00007ff94574c394:   19 03 00 00 02 72 19 48 8b 89 10 03 00 00 ba 11
0x00007ff94574c3a4:   00 00 00 89 44 24 20 44 8d 4a 21 e8 7c dc ff ff
0x00007ff94574c3b4:   48 8b 06 45 33 c9 33 d2 48 8b ce 48 8b 40 08 45 


Stack slot to memory mapping:

stack at sp + 0 slots: 0x0000020fcfa77268 points into unknown readable memory: 0x74656e2f6176616a | 6a 61 76 61 2f 6e 65 74
stack at sp + 1 slots: 0x0000020fcf9cc528 points into unknown readable memory: 0x00007ff8a8854600 | 00 46 85 a8 f8 7f 00 00
stack at sp + 2 slots: 0x0 is null
stack at sp + 3 slots: 0x0000020fae12c3a0 points into unknown readable memory: 0x0000020fae12d0b0 | b0 d0 12 ae 0f 02 00 00
stack at sp + 4 slots: 0x0 is null
stack at sp + 5 slots: 0x0 is null
stack at sp + 6 slots: 0x0000020fd055e6d0 is pointing into metadata
stack at sp + 7 slots: 0x0000020fb85df8d0 points into unknown readable memory: 0x0000020fb8556ba0 | a0 6b 55 b8 0f 02 00 00


---------------  P R O C E S S  ---------------

Threads class SMR info:
_java_thread_list=0x0000020fcfab1d60, length=11, elements={
0x0000020fcf7e4dc0, 0x0000020fcf7e7290, 0x0000020fcf7f1a10, 0x0000020fcf7f2470,
0x0000020fcf7f9690, 0x0000020fcf805630, 0x0000020fcf806b60, 0x0000020fcf807600,
0x0000020fcf8f79b0, 0x0000020fcf9cc170, 0x0000020fcf9cdb10
}

Java Threads: ( => current thread )
  0x0000020fcf7e4dc0 JavaThread "Reference Handler"          daemon [_thread_blocked, id=864, stack(0x000000b7dff00000,0x000000b7e0000000) (1024K)]
  0x0000020fcf7e7290 JavaThread "Finalizer"                  daemon [_thread_blocked, id=22940, stack(0x000000b7e0000000,0x000000b7e0100000) (1024K)]
  0x0000020fcf7f1a10 JavaThread "Signal Dispatcher"          daemon [_thread_blocked, id=24516, stack(0x000000b7e0100000,0x000000b7e0200000) (1024K)]
  0x0000020fcf7f2470 JavaThread "Attach Listener"            daemon [_thread_blocked, id=18148, stack(0x000000b7e0200000,0x000000b7e0300000) (1024K)]
  0x0000020fcf7f9690 JavaThread "Service Thread"             daemon [_thread_blocked, id=22764, stack(0x000000b7e0300000,0x000000b7e0400000) (1024K)]
  0x0000020fcf805630 JavaThread "Monitor Deflation Thread"   daemon [_thread_blocked, id=804, stack(0x000000b7e0400000,0x000000b7e0500000) (1024K)]
  0x0000020fcf806b60 JavaThread "C2 CompilerThread0"         daemon [_thread_blocked, id=15632, stack(0x000000b7e0500000,0x000000b7e0600000) (1024K)]
  0x0000020fcf807600 JavaThread "C1 CompilerThread0"         daemon [_thread_blocked, id=22148, stack(0x000000b7e0600000,0x000000b7e0700000) (1024K)]
  0x0000020fcf8f79b0 JavaThread "Common-Cleaner"             daemon [_thread_blocked, id=22852, stack(0x000000b7e0700000,0x000000b7e0800000) (1024K)]
=>0x0000020fcf9cc170 JavaThread "Monitor Ctrl-Break"         daemon [_thread_in_native, id=21876, stack(0x000000b7e0800000,0x000000b7e0900000) (1024K)]
  0x0000020fcf9cdb10 JavaThread "Notification Thread"        daemon [_thread_blocked, id=3140, stack(0x000000b7e0900000,0x000000b7e0a00000) (1024K)]
Total: 11

Other Threads:
  0x0000020fcf159910 VMThread "VM Thread"                           [id=2240, stack(0x000000b7dfe00000,0x000000b7dff00000) (1024K)] _threads_hazard_ptr=0x0000020fcfab1d60
  0x0000020fae7eeff0 WorkerThread "GC Thread#0"                     [id=23148, stack(0x000000b7df800000,0x000000b7df900000) (1024K)]
  0x0000020fae7ff810 ConcurrentGCThread "G1 Main Marker"            terminated
  0x0000020fae800ac0 WorkerThread "G1 Conc#0"                       [id=5912, stack(0x000000b7dfa00000,0x000000b7dfb00000) (1024K)]
  0x0000020fcf00ca70 ConcurrentGCThread "G1 Refine#0"               terminated
  0x0000020fcf00e500 ConcurrentGCThread "G1 Service"                terminated
Total: 6

Threads with active compile tasks:
Total: 0

VM state: at safepoint (normal execution)

VM Mutex/Monitor currently owned by a thread:  ([mutex/lock_event])
[0x00007ff8a88d2da8] Threads_lock - owner thread: 0x0000020fcf159910
[0x00007ff8a88d2ea8] Heap_lock - owner thread: 0x0000020fae788470

Heap address: 0x0000000709600000, size: 3946 MB, Compressed Oops mode: Zero based, Oop shift amount: 3

CDS archive(s) mapped at: [0x0000020fd0000000-0x0000020fd0c90000-0x0000020fd0c90000), size 13172736, SharedBaseAddress: 0x0000020fd0000000, ArchiveRelocationMode: 1.
Compressed class space mapped at: 0x0000020fd1000000-0x0000021011000000, reserved size: 1073741824
Narrow klass base: 0x0000020fd0000000, Narrow klass shift: 0, Narrow klass range: 0x100000000

GC Precious Log:
 CardTable entry size: 512
 Card Set container configuration: InlinePtr #cards 4 size 8 Array Of Cards #cards 16 size 48 Howl #buckets 8 coarsen threshold 3686 Howl Bitmap #cards 512 size 80 coarsen threshold 460 Card regions per heap region 1 cards per card region 4096
 CPUs: 8 total, 8 available
 Memory: 15777M
 Large Page Support: Disabled
 NUMA Support: Disabled
 Compressed Oops: Enabled (Zero based)
 Heap Region Size: 2M
 Heap Min Capacity: 8M
 Heap Initial Capacity: 248M
 Heap Max Capacity: 3946M
 Pre-touch: Disabled
 Parallel Workers: 8
 Concurrent Workers: 2
 Concurrent Refinement Workers: 8
 Periodic GC: Disabled

Heap:
 garbage-first heap   total 253952K, used 2048K [0x0000000709600000, 0x0000000800000000)
  region size 2048K, 2 young (4096K), 0 survivors (0K)
 Metaspace       used 666K, committed 832K, reserved 1114112K
  class space    used 35K, committed 128K, reserved 1048576K

Heap Regions: E=young(eden), S=young(survivor), O=old, HS=humongous(starts), HC=humongous(continues), CS=collection set, F=free, TAMS=top-at-mark-start, PB=parsable bottom
|   0|0x0000000709600000, 0x0000000709600000, 0x0000000709800000|  0%| F|  |TAMS 0x0000000709600000| PB 0x0000000709600000| Untracked 
|   1|0x0000000709800000, 0x0000000709800000, 0x0000000709a00000|  0%| F|  |TAMS 0x0000000709800000| PB 0x0000000709800000| Untracked 
|   2|0x0000000709a00000, 0x0000000709a00000, 0x0000000709c00000|  0%| F|  |TAMS 0x0000000709a00000| PB 0x0000000709a00000| Untracked 
|   3|0x0000000709c00000, 0x0000000709c00000, 0x0000000709e00000|  0%| F|  |TAMS 0x0000000709c00000| PB 0x0000000709c00000| Untracked 
|   4|0x0000000709e00000, 0x0000000709e00000, 0x000000070a000000|  0%| F|  |TAMS 0x0000000709e00000| PB 0x0000000709e00000| Untracked 
|   5|0x000000070a000000, 0x000000070a000000, 0x000000070a200000|  0%| F|  |TAMS 0x000000070a000000| PB 0x000000070a000000| Untracked 
|   6|0x000000070a200000, 0x000000070a200000, 0x000000070a400000|  0%| F|  |TAMS 0x000000070a200000| PB 0x000000070a200000| Untracked 
|   7|0x000000070a400000, 0x000000070a400000, 0x000000070a600000|  0%| F|  |TAMS 0x000000070a400000| PB 0x000000070a400000| Untracked 
|   8|0x000000070a600000, 0x000000070a600000, 0x000000070a800000|  0%| F|  |TAMS 0x000000070a600000| PB 0x000000070a600000| Untracked 
|   9|0x000000070a800000, 0x000000070a800000, 0x000000070aa00000|  0%| F|  |TAMS 0x000000070a800000| PB 0x000000070a800000| Untracked 
|  10|0x000000070aa00000, 0x000000070aa00000, 0x000000070ac00000|  0%| F|  |TAMS 0x000000070aa00000| PB 0x000000070aa00000| Untracked 
|  11|0x000000070ac00000, 0x000000070ac00000, 0x000000070ae00000|  0%| F|  |TAMS 0x000000070ac00000| PB 0x000000070ac00000| Untracked 
|  12|0x000000070ae00000, 0x000000070ae00000, 0x000000070b000000|  0%| F|  |TAMS 0x000000070ae00000| PB 0x000000070ae00000| Untracked 
|  13|0x000000070b000000, 0x000000070b000000, 0x000000070b200000|  0%| F|  |TAMS 0x000000070b000000| PB 0x000000070b000000| Untracked 
|  14|0x000000070b200000, 0x000000070b200000, 0x000000070b400000|  0%| F|  |TAMS 0x000000070b200000| PB 0x000000070b200000| Untracked 
|  15|0x000000070b400000, 0x000000070b400000, 0x000000070b600000|  0%| F|  |TAMS 0x000000070b400000| PB 0x000000070b400000| Untracked 
|  16|0x000000070b600000, 0x000000070b600000, 0x000000070b800000|  0%| F|  |TAMS 0x000000070b600000| PB 0x000000070b600000| Untracked 
|  17|0x000000070b800000, 0x000000070b800000, 0x000000070ba00000|  0%| F|  |TAMS 0x000000070b800000| PB 0x000000070b800000| Untracked 
|  18|0x000000070ba00000, 0x000000070ba00000, 0x000000070bc00000|  0%| F|  |TAMS 0x000000070ba00000| PB 0x000000070ba00000| Untracked 
|  19|0x000000070bc00000, 0x000000070bc00000, 0x000000070be00000|  0%| F|  |TAMS 0x000000070bc00000| PB 0x000000070bc00000| Untracked 
|  20|0x000000070be00000, 0x000000070be00000, 0x000000070c000000|  0%| F|  |TAMS 0x000000070be00000| PB 0x000000070be00000| Untracked 
|  21|0x000000070c000000, 0x000000070c000000, 0x000000070c200000|  0%| F|  |TAMS 0x000000070c000000| PB 0x000000070c000000| Untracked 
|  22|0x000000070c200000, 0x000000070c200000, 0x000000070c400000|  0%| F|  |TAMS 0x000000070c200000| PB 0x000000070c200000| Untracked 
|  23|0x000000070c400000, 0x000000070c400000, 0x000000070c600000|  0%| F|  |TAMS 0x000000070c400000| PB 0x000000070c400000| Untracked 
|  24|0x000000070c600000, 0x000000070c600000, 0x000000070c800000|  0%| F|  |TAMS 0x000000070c600000| PB 0x000000070c600000| Untracked 
|  25|0x000000070c800000, 0x000000070c800000, 0x000000070ca00000|  0%| F|  |TAMS 0x000000070c800000| PB 0x000000070c800000| Untracked 
|  26|0x000000070ca00000, 0x000000070ca00000, 0x000000070cc00000|  0%| F|  |TAMS 0x000000070ca00000| PB 0x000000070ca00000| Untracked 
|  27|0x000000070cc00000, 0x000000070cc00000, 0x000000070ce00000|  0%| F|  |TAMS 0x000000070cc00000| PB 0x000000070cc00000| Untracked 
|  28|0x000000070ce00000, 0x000000070ce00000, 0x000000070d000000|  0%| F|  |TAMS 0x000000070ce00000| PB 0x000000070ce00000| Untracked 
|  29|0x000000070d000000, 0x000000070d000000, 0x000000070d200000|  0%| F|  |TAMS 0x000000070d000000| PB 0x000000070d000000| Untracked 
|  30|0x000000070d200000, 0x000000070d200000, 0x000000070d400000|  0%| F|  |TAMS 0x000000070d200000| PB 0x000000070d200000| Untracked 
|  31|0x000000070d400000, 0x000000070d400000, 0x000000070d600000|  0%| F|  |TAMS 0x000000070d400000| PB 0x000000070d400000| Untracked 
|  32|0x000000070d600000, 0x000000070d600000, 0x000000070d800000|  0%| F|  |TAMS 0x000000070d600000| PB 0x000000070d600000| Untracked 
|  33|0x000000070d800000, 0x000000070d800000, 0x000000070da00000|  0%| F|  |TAMS 0x000000070d800000| PB 0x000000070d800000| Untracked 
|  34|0x000000070da00000, 0x000000070da00000, 0x000000070dc00000|  0%| F|  |TAMS 0x000000070da00000| PB 0x000000070da00000| Untracked 
|  35|0x000000070dc00000, 0x000000070dc00000, 0x000000070de00000|  0%| F|  |TAMS 0x000000070dc00000| PB 0x000000070dc00000| Untracked 
|  36|0x000000070de00000, 0x000000070de00000, 0x000000070e000000|  0%| F|  |TAMS 0x000000070de00000| PB 0x000000070de00000| Untracked 
|  37|0x000000070e000000, 0x000000070e000000, 0x000000070e200000|  0%| F|  |TAMS 0x000000070e000000| PB 0x000000070e000000| Untracked 
|  38|0x000000070e200000, 0x000000070e200000, 0x000000070e400000|  0%| F|  |TAMS 0x000000070e200000| PB 0x000000070e200000| Untracked 
|  39|0x000000070e400000, 0x000000070e400000, 0x000000070e600000|  0%| F|  |TAMS 0x000000070e400000| PB 0x000000070e400000| Untracked 
|  40|0x000000070e600000, 0x000000070e600000, 0x000000070e800000|  0%| F|  |TAMS 0x000000070e600000| PB 0x000000070e600000| Untracked 
|  41|0x000000070e800000, 0x000000070e800000, 0x000000070ea00000|  0%| F|  |TAMS 0x000000070e800000| PB 0x000000070e800000| Untracked 
|  42|0x000000070ea00000, 0x000000070ea00000, 0x000000070ec00000|  0%| F|  |TAMS 0x000000070ea00000| PB 0x000000070ea00000| Untracked 
|  43|0x000000070ec00000, 0x000000070ec00000, 0x000000070ee00000|  0%| F|  |TAMS 0x000000070ec00000| PB 0x000000070ec00000| Untracked 
|  44|0x000000070ee00000, 0x000000070ee00000, 0x000000070f000000|  0%| F|  |TAMS 0x000000070ee00000| PB 0x000000070ee00000| Untracked 
|  45|0x000000070f000000, 0x000000070f000000, 0x000000070f200000|  0%| F|  |TAMS 0x000000070f000000| PB 0x000000070f000000| Untracked 
|  46|0x000000070f200000, 0x000000070f200000, 0x000000070f400000|  0%| F|  |TAMS 0x000000070f200000| PB 0x000000070f200000| Untracked 
|  47|0x000000070f400000, 0x000000070f400000, 0x000000070f600000|  0%| F|  |TAMS 0x000000070f400000| PB 0x000000070f400000| Untracked 
|  48|0x000000070f600000, 0x000000070f600000, 0x000000070f800000|  0%| F|  |TAMS 0x000000070f600000| PB 0x000000070f600000| Untracked 
|  49|0x000000070f800000, 0x000000070f800000, 0x000000070fa00000|  0%| F|  |TAMS 0x000000070f800000| PB 0x000000070f800000| Untracked 
|  50|0x000000070fa00000, 0x000000070fa00000, 0x000000070fc00000|  0%| F|  |TAMS 0x000000070fa00000| PB 0x000000070fa00000| Untracked 
|  51|0x000000070fc00000, 0x000000070fc00000, 0x000000070fe00000|  0%| F|  |TAMS 0x000000070fc00000| PB 0x000000070fc00000| Untracked 
|  52|0x000000070fe00000, 0x000000070fe00000, 0x0000000710000000|  0%| F|  |TAMS 0x000000070fe00000| PB 0x000000070fe00000| Untracked 
|  53|0x0000000710000000, 0x0000000710000000, 0x0000000710200000|  0%| F|  |TAMS 0x0000000710000000| PB 0x0000000710000000| Untracked 
|  54|0x0000000710200000, 0x0000000710200000, 0x0000000710400000|  0%| F|  |TAMS 0x0000000710200000| PB 0x0000000710200000| Untracked 
|  55|0x0000000710400000, 0x0000000710400000, 0x0000000710600000|  0%| F|  |TAMS 0x0000000710400000| PB 0x0000000710400000| Untracked 
|  56|0x0000000710600000, 0x0000000710600000, 0x0000000710800000|  0%| F|  |TAMS 0x0000000710600000| PB 0x0000000710600000| Untracked 
|  57|0x0000000710800000, 0x0000000710800000, 0x0000000710a00000|  0%| F|  |TAMS 0x0000000710800000| PB 0x0000000710800000| Untracked 
|  58|0x0000000710a00000, 0x0000000710a00000, 0x0000000710c00000|  0%| F|  |TAMS 0x0000000710a00000| PB 0x0000000710a00000| Untracked 
|  59|0x0000000710c00000, 0x0000000710c00000, 0x0000000710e00000|  0%| F|  |TAMS 0x0000000710c00000| PB 0x0000000710c00000| Untracked 
|  60|0x0000000710e00000, 0x0000000710e00000, 0x0000000711000000|  0%| F|  |TAMS 0x0000000710e00000| PB 0x0000000710e00000| Untracked 
|  61|0x0000000711000000, 0x0000000711000000, 0x0000000711200000|  0%| F|  |TAMS 0x0000000711000000| PB 0x0000000711000000| Untracked 
|  62|0x0000000711200000, 0x0000000711200000, 0x0000000711400000|  0%| F|  |TAMS 0x0000000711200000| PB 0x0000000711200000| Untracked 
|  63|0x0000000711400000, 0x0000000711400000, 0x0000000711600000|  0%| F|  |TAMS 0x0000000711400000| PB 0x0000000711400000| Untracked 
|  64|0x0000000711600000, 0x0000000711600000, 0x0000000711800000|  0%| F|  |TAMS 0x0000000711600000| PB 0x0000000711600000| Untracked 
|  65|0x0000000711800000, 0x0000000711800000, 0x0000000711a00000|  0%| F|  |TAMS 0x0000000711800000| PB 0x0000000711800000| Untracked 
|  66|0x0000000711a00000, 0x0000000711a00000, 0x0000000711c00000|  0%| F|  |TAMS 0x0000000711a00000| PB 0x0000000711a00000| Untracked 
|  67|0x0000000711c00000, 0x0000000711c00000, 0x0000000711e00000|  0%| F|  |TAMS 0x0000000711c00000| PB 0x0000000711c00000| Untracked 
|  68|0x0000000711e00000, 0x0000000711e00000, 0x0000000712000000|  0%| F|  |TAMS 0x0000000711e00000| PB 0x0000000711e00000| Untracked 
|  69|0x0000000712000000, 0x0000000712000000, 0x0000000712200000|  0%| F|  |TAMS 0x0000000712000000| PB 0x0000000712000000| Untracked 
|  70|0x0000000712200000, 0x0000000712200000, 0x0000000712400000|  0%| F|  |TAMS 0x0000000712200000| PB 0x0000000712200000| Untracked 
|  71|0x0000000712400000, 0x0000000712400000, 0x0000000712600000|  0%| F|  |TAMS 0x0000000712400000| PB 0x0000000712400000| Untracked 
|  72|0x0000000712600000, 0x0000000712600000, 0x0000000712800000|  0%| F|  |TAMS 0x0000000712600000| PB 0x0000000712600000| Untracked 
|  73|0x0000000712800000, 0x0000000712800000, 0x0000000712a00000|  0%| F|  |TAMS 0x0000000712800000| PB 0x0000000712800000| Untracked 
|  74|0x0000000712a00000, 0x0000000712a00000, 0x0000000712c00000|  0%| F|  |TAMS 0x0000000712a00000| PB 0x0000000712a00000| Untracked 
|  75|0x0000000712c00000, 0x0000000712c00000, 0x0000000712e00000|  0%| F|  |TAMS 0x0000000712c00000| PB 0x0000000712c00000| Untracked 
|  76|0x0000000712e00000, 0x0000000712e00000, 0x0000000713000000|  0%| F|  |TAMS 0x0000000712e00000| PB 0x0000000712e00000| Untracked 
|  77|0x0000000713000000, 0x0000000713000000, 0x0000000713200000|  0%| F|  |TAMS 0x0000000713000000| PB 0x0000000713000000| Untracked 
|  78|0x0000000713200000, 0x0000000713200000, 0x0000000713400000|  0%| F|  |TAMS 0x0000000713200000| PB 0x0000000713200000| Untracked 
|  79|0x0000000713400000, 0x0000000713400000, 0x0000000713600000|  0%| F|  |TAMS 0x0000000713400000| PB 0x0000000713400000| Untracked 
|  80|0x0000000713600000, 0x0000000713600000, 0x0000000713800000|  0%| F|  |TAMS 0x0000000713600000| PB 0x0000000713600000| Untracked 
|  81|0x0000000713800000, 0x0000000713800000, 0x0000000713a00000|  0%| F|  |TAMS 0x0000000713800000| PB 0x0000000713800000| Untracked 
|  82|0x0000000713a00000, 0x0000000713a00000, 0x0000000713c00000|  0%| F|  |TAMS 0x0000000713a00000| PB 0x0000000713a00000| Untracked 
|  83|0x0000000713c00000, 0x0000000713c00000, 0x0000000713e00000|  0%| F|  |TAMS 0x0000000713c00000| PB 0x0000000713c00000| Untracked 
|  84|0x0000000713e00000, 0x0000000713e00000, 0x0000000714000000|  0%| F|  |TAMS 0x0000000713e00000| PB 0x0000000713e00000| Untracked 
|  85|0x0000000714000000, 0x0000000714000000, 0x0000000714200000|  0%| F|  |TAMS 0x0000000714000000| PB 0x0000000714000000| Untracked 
|  86|0x0000000714200000, 0x0000000714200000, 0x0000000714400000|  0%| F|  |TAMS 0x0000000714200000| PB 0x0000000714200000| Untracked 
|  87|0x0000000714400000, 0x0000000714400000, 0x0000000714600000|  0%| F|  |TAMS 0x0000000714400000| PB 0x0000000714400000| Untracked 
|  88|0x0000000714600000, 0x0000000714600000, 0x0000000714800000|  0%| F|  |TAMS 0x0000000714600000| PB 0x0000000714600000| Untracked 
|  89|0x0000000714800000, 0x0000000714800000, 0x0000000714a00000|  0%| F|  |TAMS 0x0000000714800000| PB 0x0000000714800000| Untracked 
|  90|0x0000000714a00000, 0x0000000714a00000, 0x0000000714c00000|  0%| F|  |TAMS 0x0000000714a00000| PB 0x0000000714a00000| Untracked 
|  91|0x0000000714c00000, 0x0000000714c00000, 0x0000000714e00000|  0%| F|  |TAMS 0x0000000714c00000| PB 0x0000000714c00000| Untracked 
|  92|0x0000000714e00000, 0x0000000714e00000, 0x0000000715000000|  0%| F|  |TAMS 0x0000000714e00000| PB 0x0000000714e00000| Untracked 
|  93|0x0000000715000000, 0x0000000715000000, 0x0000000715200000|  0%| F|  |TAMS 0x0000000715000000| PB 0x0000000715000000| Untracked 
|  94|0x0000000715200000, 0x0000000715200000, 0x0000000715400000|  0%| F|  |TAMS 0x0000000715200000| PB 0x0000000715200000| Untracked 
|  95|0x0000000715400000, 0x0000000715400000, 0x0000000715600000|  0%| F|  |TAMS 0x0000000715400000| PB 0x0000000715400000| Untracked 
|  96|0x0000000715600000, 0x0000000715600000, 0x0000000715800000|  0%| F|  |TAMS 0x0000000715600000| PB 0x0000000715600000| Untracked 
|  97|0x0000000715800000, 0x0000000715800000, 0x0000000715a00000|  0%| F|  |TAMS 0x0000000715800000| PB 0x0000000715800000| Untracked 
|  98|0x0000000715a00000, 0x0000000715a00000, 0x0000000715c00000|  0%| F|  |TAMS 0x0000000715a00000| PB 0x0000000715a00000| Untracked 
|  99|0x0000000715c00000, 0x0000000715c00000, 0x0000000715e00000|  0%| F|  |TAMS 0x0000000715c00000| PB 0x0000000715c00000| Untracked 
| 100|0x0000000715e00000, 0x0000000715e00000, 0x0000000716000000|  0%| F|  |TAMS 0x0000000715e00000| PB 0x0000000715e00000| Untracked 
| 101|0x0000000716000000, 0x0000000716000000, 0x0000000716200000|  0%| F|  |TAMS 0x0000000716000000| PB 0x0000000716000000| Untracked 
| 102|0x0000000716200000, 0x0000000716200000, 0x0000000716400000|  0%| F|  |TAMS 0x0000000716200000| PB 0x0000000716200000| Untracked 
| 103|0x0000000716400000, 0x0000000716400000, 0x0000000716600000|  0%| F|  |TAMS 0x0000000716400000| PB 0x0000000716400000| Untracked 
| 104|0x0000000716600000, 0x0000000716600000, 0x0000000716800000|  0%| F|  |TAMS 0x0000000716600000| PB 0x0000000716600000| Untracked 
| 105|0x0000000716800000, 0x0000000716800000, 0x0000000716a00000|  0%| F|  |TAMS 0x0000000716800000| PB 0x0000000716800000| Untracked 
| 106|0x0000000716a00000, 0x0000000716a00000, 0x0000000716c00000|  0%| F|  |TAMS 0x0000000716a00000| PB 0x0000000716a00000| Untracked 
| 107|0x0000000716c00000, 0x0000000716c00000, 0x0000000716e00000|  0%| F|  |TAMS 0x0000000716c00000| PB 0x0000000716c00000| Untracked 
| 108|0x0000000716e00000, 0x0000000716e00000, 0x0000000717000000|  0%| F|  |TAMS 0x0000000716e00000| PB 0x0000000716e00000| Untracked 
| 109|0x0000000717000000, 0x0000000717000000, 0x0000000717200000|  0%| F|  |TAMS 0x0000000717000000| PB 0x0000000717000000| Untracked 
| 110|0x0000000717200000, 0x0000000717200000, 0x0000000717400000|  0%| F|  |TAMS 0x0000000717200000| PB 0x0000000717200000| Untracked 
| 111|0x0000000717400000, 0x0000000717400000, 0x0000000717600000|  0%| F|  |TAMS 0x0000000717400000| PB 0x0000000717400000| Untracked 
| 112|0x0000000717600000, 0x0000000717600000, 0x0000000717800000|  0%| F|  |TAMS 0x0000000717600000| PB 0x0000000717600000| Untracked 
| 113|0x0000000717800000, 0x0000000717800000, 0x0000000717a00000|  0%| F|  |TAMS 0x0000000717800000| PB 0x0000000717800000| Untracked 
| 114|0x0000000717a00000, 0x0000000717a00000, 0x0000000717c00000|  0%| F|  |TAMS 0x0000000717a00000| PB 0x0000000717a00000| Untracked 
| 115|0x0000000717c00000, 0x0000000717c00000, 0x0000000717e00000|  0%| F|  |TAMS 0x0000000717c00000| PB 0x0000000717c00000| Untracked 
| 116|0x0000000717e00000, 0x0000000717e00000, 0x0000000718000000|  0%| F|  |TAMS 0x0000000717e00000| PB 0x0000000717e00000| Untracked 
| 117|0x0000000718000000, 0x0000000718000000, 0x0000000718200000|  0%| F|  |TAMS 0x0000000718000000| PB 0x0000000718000000| Untracked 
| 118|0x0000000718200000, 0x0000000718200000, 0x0000000718400000|  0%| F|  |TAMS 0x0000000718200000| PB 0x0000000718200000| Untracked 
| 119|0x0000000718400000, 0x0000000718400000, 0x0000000718600000|  0%| F|  |TAMS 0x0000000718400000| PB 0x0000000718400000| Untracked 
| 120|0x0000000718600000, 0x0000000718600000, 0x0000000718800000|  0%| F|  |TAMS 0x0000000718600000| PB 0x0000000718600000| Untracked 
| 121|0x0000000718800000, 0x0000000718800000, 0x0000000718a00000|  0%| F|  |TAMS 0x0000000718800000| PB 0x0000000718800000| Untracked 
| 122|0x0000000718a00000, 0x0000000718c00000, 0x0000000718c00000|100%| E|  |TAMS 0x0000000718a00000| PB 0x0000000718a00000| Complete 
| 123|0x0000000718c00000, 0x0000000718e00000, 0x0000000718e00000|100%| E|CS|TAMS 0x0000000718c00000| PB 0x0000000718c00000| Complete 

Card table byte_map: [0x0000020fc8740000,0x0000020fc8f00000] _byte_map_base: 0x0000020fc4ef5000

Marking Bits: (CMBitMap*) 0x0000020fae7ef6f0
 Bits: [0x0000020fc8f00000, 0x0000020fccca8000)

Polling page: 0x0000020fae810000

Metaspace:

Usage:
  Non-class:    631.15 KB used.
      Class:     35.49 KB used.
       Both:    666.64 KB used.

Virtual space:
  Non-class space:       64.00 MB reserved,     704.00 KB (  1%) committed,  1 nodes.
      Class space:        1.00 GB reserved,     128.00 KB ( <1%) committed,  1 nodes.
             Both:        1.06 GB reserved,     832.00 KB ( <1%) committed. 

Chunk freelists:
   Non-Class:  11.97 MB
       Class:  15.73 MB
        Both:  27.70 MB

MaxMetaspaceSize: unlimited
CompressedClassSpaceSize: 1.00 GB
Initial GC threshold: 21.00 MB
Current GC threshold: 21.00 MB
CDS: on
 - commit_granule_bytes: 65536.
 - commit_granule_words: 8192.
 - virtual_space_node_default_size: 8388608.
 - enlarge_chunks_in_place: 1.
 - use_allocation_guard: 0.


Internal statistics:

num_allocs_failed_limit: 0.
num_arena_births: 22.
num_arena_deaths: 0.
num_vsnodes_births: 2.
num_vsnodes_deaths: 0.
num_space_committed: 13.
num_space_uncommitted: 0.
num_chunks_returned_to_freelist: 0.
num_chunks_taken_from_freelist: 27.
num_chunk_merges: 0.
num_chunk_splits: 18.
num_chunks_enlarged: 10.
num_inconsistent_stats: 0.

CodeHeap 'non-profiled nmethods': size=120000Kb used=75Kb max_used=75Kb free=119925Kb
 bounds [0x0000020fc00c0000, 0x0000020fc0330000, 0x0000020fc75f0000]
CodeHeap 'profiled nmethods': size=120000Kb used=235Kb max_used=235Kb free=119764Kb
 bounds [0x0000020fb85f0000, 0x0000020fb8860000, 0x0000020fbfb20000]
CodeHeap 'non-nmethods': size=5760Kb used=1400Kb max_used=1400Kb free=4359Kb
 bounds [0x0000020fbfb20000, 0x0000020fbfd90000, 0x0000020fc00c0000]
 total_blobs=619 nmethods=216 adapters=308
 compilation: enabled
              stopped_count=0, restarted_count=0
 full_count=0

Compilation events (20 events):
Event: 0.132 Thread 0x0000020fcf807600  205       3       jdk.internal.org.objectweb.asm.ByteVector::putByte (39 bytes)
Event: 0.132 Thread 0x0000020fcf807600 nmethod 205 0x0000020fb8626e10 code [0x0000020fb8626fc0, 0x0000020fb86271b0]
Event: 0.132 Thread 0x0000020fcf807600  207       3       java.lang.invoke.LambdaForm$BasicType::basicType (8 bytes)
Event: 0.132 Thread 0x0000020fcf807600 nmethod 207 0x0000020fb8627310 code [0x0000020fb86274e0, 0x0000020fb8627720]
Event: 0.132 Thread 0x0000020fcf807600  206       1       java.lang.invoke.MethodTypeForm::parameterSlotCount (5 bytes)
Event: 0.132 Thread 0x0000020fcf807600 nmethod 206 0x0000020fc00d2610 code [0x0000020fc00d27a0, 0x0000020fc00d2868]
Event: 0.132 Thread 0x0000020fcf807600  210       3       java.lang.AbstractStringBuilder::append (45 bytes)
Event: 0.132 Thread 0x0000020fcf807600 nmethod 210 0x0000020fb8627890 code [0x0000020fb8627aa0, 0x0000020fb8627fe0]
Event: 0.132 Thread 0x0000020fcf807600  211       1       java.lang.invoke.MethodTypeForm::erasedType (5 bytes)
Event: 0.132 Thread 0x0000020fcf807600 nmethod 211 0x0000020fc00d2910 code [0x0000020fc00d2aa0, 0x0000020fc00d2b70]
Event: 0.136 Thread 0x0000020fcf807600  212       3       java.lang.StringLatin1::newString (24 bytes)
Event: 0.136 Thread 0x0000020fcf807600 nmethod 212 0x0000020fb8628210 code [0x0000020fb86284e0, 0x0000020fb86292c8]
Event: 0.148 Thread 0x0000020fcf807600  213       3       java.lang.System::getSecurityManager (12 bytes)
Event: 0.148 Thread 0x0000020fcf807600 nmethod 213 0x0000020fb8629810 code [0x0000020fb86299c0, 0x0000020fb8629b30]
Event: 0.148 Thread 0x0000020fcf807600  214       3       java.lang.System::allowSecurityManager (13 bytes)
Event: 0.148 Thread 0x0000020fcf807600 nmethod 214 0x0000020fb8629c10 code [0x0000020fb8629da0, 0x0000020fb8629ea0]
Event: 0.149 Thread 0x0000020fcf807600  215       3       java.lang.StringUTF16::getChar (60 bytes)
Event: 0.149 Thread 0x0000020fcf807600 nmethod 215 0x0000020fb8629f10 code [0x0000020fb862a0c0, 0x0000020fb862a230]
Event: 0.150 Thread 0x0000020fcf807600  216       3       java.lang.String::charAt (25 bytes)
Event: 0.150 Thread 0x0000020fcf807600 nmethod 216 0x0000020fb862a310 code [0x0000020fb862a500, 0x0000020fb862aa50]

GC Heap History (0 events):
No events

Dll operation events (8 events):
Event: 0.015 Loaded shared library C:\Program Files\Java\jdk-21\bin\java.dll
Event: 0.062 Loaded shared library C:\Program Files\Java\jdk-21\bin\jsvml.dll
Event: 0.106 Loaded shared library C:\Program Files\Java\jdk-21\bin\zip.dll
Event: 0.111 Loaded shared library C:\Program Files\Java\jdk-21\bin\instrument.dll
Event: 0.118 Loaded shared library C:\Program Files\Java\jdk-21\bin\net.dll
Event: 0.121 Loaded shared library C:\Program Files\Java\jdk-21\bin\nio.dll
Event: 0.127 Loaded shared library C:\Program Files\Java\jdk-21\bin\zip.dll
Event: 0.135 Loaded shared library C:\Users\Ranganatha.BR\AppData\Local\JetBrains\IntelliJ IDEA Community Edition 2024.1.3\bin\breakgen64.dll

Deoptimization events (4 events):
Event: 0.149 Thread 0x0000020fae788470 Uncommon trap: trap_request=0xffffff45 fr.pc=0x0000020fc00d1b64 relative=0x00000000000000c4
Event: 0.149 Thread 0x0000020fae788470 Uncommon trap: reason=unstable_if action=reinterpret pc=0x0000020fc00d1b64 method=java.lang.String.isLatin1()Z @ 10 c2
Event: 0.149 Thread 0x0000020fae788470 DEOPT PACKING pc=0x0000020fc00d1b64 sp=0x000000b7df7fec70
Event: 0.149 Thread 0x0000020fae788470 DEOPT UNPACKING pc=0x0000020fbfb77da2 sp=0x000000b7df7febb0 mode 2

Classes loaded (20 events):
Event: 0.135 Loading class java/io/InputStreamReader
Event: 0.136 Loading class java/io/InputStreamReader done
Event: 0.136 Loading class java/net/Socket
Event: 0.136 Loading class java/net/Socket done
Event: 0.139 Loading class java/lang/WeakPairMap$Pair$Weak
Event: 0.139 Loading class java/lang/WeakPairMap$WeakRefPeer
Event: 0.139 Loading class java/lang/WeakPairMap$WeakRefPeer done
Event: 0.139 Loading class java/lang/WeakPairMap$Pair$Weak done
Event: 0.139 Loading class java/lang/WeakPairMap$Pair$Weak$1
Event: 0.139 Loading class java/lang/WeakPairMap$Pair$Weak$1 done
Event: 0.148 Loading class java/lang/invoke/VarHandleInts$FieldInstanceReadWrite
Event: 0.148 Loading class java/lang/invoke/VarHandleInts$FieldInstanceReadOnly
Event: 0.148 Loading class java/lang/invoke/VarHandleInts$FieldInstanceReadOnly done
Event: 0.148 Loading class java/lang/invoke/VarHandleInts$FieldInstanceReadWrite done
Event: 0.150 Loading class java/net/InetSocketAddress
Event: 0.150 Loading class java/net/SocketAddress
Event: 0.150 Loading class jdk/internal/loader/URLClassPath$FileLoader$1
Event: 0.150 Loading class java/net/SocketAddress done
Event: 0.150 Loading class java/net/InetSocketAddress done
Event: 0.150 Loading class jdk/internal/loader/URLClassPath$FileLoader$1 done

Classes unloaded (0 events):
No events

Classes redefined (4 events):
Event: 0.139 Thread 0x0000020fcf159910 redefined class name=java.io.FileOutputStream, count=1
Event: 0.143 Thread 0x0000020fcf159910 redefined class name=java.nio.file.Files, count=1
Event: 0.145 Thread 0x0000020fcf159910 redefined class name=java.io.File, count=1
Event: 0.147 Thread 0x0000020fcf159910 redefined class name=java.net.URLStreamHandler, count=1

Internal exceptions (2 events):
Event: 0.128 Thread 0x0000020fae788470 Exception <a 'java/lang/NoSuchMethodError'{0x0000000718afa4b8}: 'void java.lang.invoke.DirectMethodHandle$Holder.invokeStatic(java.lang.Object, java.lang.Object, java.lang.Object)'> (0x0000000718afa4b8) 
thrown [s\open\src\hotspot\share\interpreter\linkResolver.cpp, line 773]
Event: 0.132 Thread 0x0000020fae788470 Exception <a 'java/lang/NoSuchMethodError'{0x0000000718b119c0}: 'java.lang.Object java.lang.invoke.Invokers$Holder.invokeExact_MT(java.lang.Object, java.lang.Object, java.lang.Object, java.lang.Object, java.lang.Object)'> (0x0000000718b119c0) 
thrown [s\open\src\hotspot\share\interpreter\linkResolver.cpp, line 773]

ZGC Phase Switch (0 events):
No events

VM Operations (10 events):
Event: 0.092 Executing VM operation: HandshakeAllThreads (Deoptimize)
Event: 0.092 Executing VM operation: HandshakeAllThreads (Deoptimize) done
Event: 0.139 Executing VM operation: RedefineClasses
Event: 0.141 Executing VM operation: RedefineClasses done
Event: 0.142 Executing VM operation: RedefineClasses
Event: 0.144 Executing VM operation: RedefineClasses done
Event: 0.145 Executing VM operation: RedefineClasses
Event: 0.146 Executing VM operation: RedefineClasses done
Event: 0.147 Executing VM operation: RedefineClasses
Event: 0.148 Executing VM operation: RedefineClasses done

Events (15 events):
Event: 0.035 Thread 0x0000020fae788470 Thread added: 0x0000020fae788470
Event: 0.059 Thread 0x0000020fcf7e4dc0 Thread added: 0x0000020fcf7e4dc0
Event: 0.059 Thread 0x0000020fcf7e7290 Thread added: 0x0000020fcf7e7290
Event: 0.059 Thread 0x0000020fcf7f1a10 Thread added: 0x0000020fcf7f1a10
Event: 0.059 Thread 0x0000020fcf7f2470 Thread added: 0x0000020fcf7f2470
Event: 0.059 Thread 0x0000020fcf7f9690 Thread added: 0x0000020fcf7f9690
Event: 0.060 Thread 0x0000020fcf805630 Thread added: 0x0000020fcf805630
Event: 0.060 Thread 0x0000020fcf806b60 Thread added: 0x0000020fcf806b60
Event: 0.060 Thread 0x0000020fcf807600 Thread added: 0x0000020fcf807600
Event: 0.084 Thread 0x0000020fcf8f79b0 Thread added: 0x0000020fcf8f79b0
Event: 0.136 Thread 0x0000020fcf9cc170 Thread added: 0x0000020fcf9cc170
Event: 0.148 Thread 0x0000020fcf9cdb10 Thread added: 0x0000020fcf9cdb10
Event: 0.152 Thread 0x0000020fae788470 Thread exited: 0x0000020fae788470
Event: 0.152 Thread 0x0000020fae788470 Thread added: 0x0000020fae788470
Event: 0.152 Thread 0x0000020fae788470 Thread exited: 0x0000020fae788470


Dynamic libraries:
0x00007ff6c5100000 - 0x00007ff6c5110000 	C:\Program Files\Java\jdk-21\bin\java.exe
0x00007ff945f50000 - 0x00007ff946148000 	C:\Windows\SYSTEM32\ntdll.dll
0x00007ff945ca0000 - 0x00007ff945d61000 	C:\Windows\System32\KERNEL32.DLL
0x00007ff9459a0000 - 0x00007ff945c9d000 	C:\Windows\System32\KERNELBASE.dll
0x0000000073510000 - 0x000000007354c000 	C:\Windows\System32\cyinjct.dll
0x00007ff945820000 - 0x00007ff945829000 	C:\Windows\System32\ntnativeapi.dll
0x00007ff93ed80000 - 0x00007ff93ed99000 	C:\Program Files\Java\jdk-21\bin\jli.dll
0x00007ff944070000 - 0x00007ff944120000 	C:\Windows\System32\ADVAPI32.dll
0x00007ff944120000 - 0x00007ff9441be000 	C:\Windows\System32\msvcrt.dll
0x00007ff943b80000 - 0x00007ff943c20000 	C:\Windows\System32\sechost.dll
0x00007ff945870000 - 0x00007ff945993000 	C:\Windows\System32\RPCRT4.dll
0x00007ff943930000 - 0x00007ff943957000 	C:\Windows\System32\bcrypt.dll
0x0000020fae200000 - 0x0000020fae39d000 	C:\Windows\System32\USER32.dll
0x00007ff943890000 - 0x00007ff9438b2000 	C:\Windows\System32\win32u.dll
0x00007ff943b50000 - 0x00007ff943b7b000 	C:\Windows\System32\GDI32.dll
0x00007ff943770000 - 0x00007ff943887000 	C:\Windows\System32\gdi32full.dll
0x00007ff9439b0000 - 0x00007ff943a4d000 	C:\Windows\System32\msvcp_win.dll
0x0000020fae3a0000 - 0x0000020fae4a0000 	C:\Windows\System32\ucrtbase.dll
0x00007ff93ecf0000 - 0x00007ff93ed0b000 	C:\Program Files\Java\jdk-21\bin\VCRUNTIME140.dll
0x00007ff942b50000 - 0x00007ff942dea000 	C:\Windows\WinSxS\amd64_microsoft.windows.common-controls_6595b64144ccf1df_6.0.19041.4355_none_60b8b9eb71f62e16\COMCTL32.dll
0x00007ff941000000 - 0x00007ff94100a000 	C:\Windows\SYSTEM32\VERSION.dll
0x00007ff945800000 - 0x00007ff94581e000 	C:\Windows\System32\cyvera.dll
0x00007ff945780000 - 0x00007ff9457f5000 	C:\Windows\System32\cyvrtrap.dll
0x00007ff9451f0000 - 0x00007ff94521f000 	C:\Windows\System32\IMM32.DLL
0x0000000075860000 - 0x00000000758d2000 	C:\Windows\System32\QIPCAP64.dll
0x00007ff9449c0000 - 0x00007ff94512f000 	C:\Windows\System32\SHELL32.dll
0x00007ff9421e0000 - 0x00007ff9422aa000 	C:\Windows\SYSTEM32\DNSAPI.dll
0x00007ff942190000 - 0x00007ff9421cb000 	C:\Windows\SYSTEM32\IPHLPAPI.DLL
0x00007ff945550000 - 0x00007ff945558000 	C:\Windows\System32\NSI.dll
0x00007ff93f330000 - 0x00007ff93f33c000 	C:\Program Files\Java\jdk-21\bin\vcruntime140_1.dll
0x00007ff91a880000 - 0x00007ff91a90e000 	C:\Program Files\Java\jdk-21\bin\msvcp140.dll
0x00007ff8a7ca0000 - 0x00007ff8a89ad000 	C:\Program Files\Java\jdk-21\bin\server\jvm.dll
0x00007ff945460000 - 0x00007ff9454cb000 	C:\Windows\System32\WS2_32.dll
0x00007ff9430c0000 - 0x00007ff94310b000 	C:\Windows\SYSTEM32\POWRPROF.dll
0x00007ff933e20000 - 0x00007ff933e47000 	C:\Windows\SYSTEM32\WINMM.dll
0x00007ff942df0000 - 0x00007ff942e02000 	C:\Windows\SYSTEM32\UMPDC.dll
0x00007ff940cc0000 - 0x00007ff940cd2000 	C:\Windows\SYSTEM32\kernel.appcore.dll
0x00007ff93ed70000 - 0x00007ff93ed7a000 	C:\Program Files\Java\jdk-21\bin\jimage.dll
0x00007ff942ed0000 - 0x00007ff9430b4000 	C:\Windows\SYSTEM32\DBGHELP.DLL
0x00007ff942e10000 - 0x00007ff942e44000 	C:\Windows\SYSTEM32\dbgcore.DLL
0x00007ff943630000 - 0x00007ff9436b2000 	C:\Windows\System32\bcryptPrimitives.dll
0x00007ff93ece0000 - 0x00007ff93ecef000 	C:\Program Files\Java\jdk-21\bin\instrument.dll
0x00007ff939d30000 - 0x00007ff939d4f000 	C:\Program Files\Java\jdk-21\bin\java.dll
0x00007ff945740000 - 0x00007ff945777000 	C:\Program Files\Palo Alto Networks\Traps\cyjagent.dll
0x00007ff940200000 - 0x00007ff9409a3000 	C:\Windows\SYSTEM32\windows.storage.dll
0x00007ff943c20000 - 0x00007ff943f73000 	C:\Windows\System32\combase.dll
0x00007ff942710000 - 0x00007ff94273e000 	C:\Windows\SYSTEM32\Wldp.dll
0x00007ff945220000 - 0x00007ff9452ed000 	C:\Windows\System32\OLEAUT32.dll
0x00007ff945690000 - 0x00007ff94573d000 	C:\Windows\System32\SHCORE.dll
0x00007ff944960000 - 0x00007ff9449b5000 	C:\Windows\System32\shlwapi.dll
0x00007ff943400000 - 0x00007ff943424000 	C:\Windows\SYSTEM32\profapi.dll
0x00007ff91a490000 - 0x00007ff91a567000 	C:\Program Files\Java\jdk-21\bin\jsvml.dll
0x00007ff932c60000 - 0x00007ff932c78000 	C:\Program Files\Java\jdk-21\bin\zip.dll
0x00007ff939d20000 - 0x00007ff939d30000 	C:\Program Files\Java\jdk-21\bin\net.dll
0x00007ff941db0000 - 0x00007ff941ebd000 	C:\Windows\SYSTEM32\WINHTTP.dll
0x00007ff942490000 - 0x00007ff9424fa000 	C:\Windows\system32\mswsock.dll
0x00007ff932c40000 - 0x00007ff932c56000 	C:\Program Files\Java\jdk-21\bin\nio.dll
0x00007ff929ca0000 - 0x00007ff929cba000 	C:\Users\Ranganatha.BR\AppData\Local\JetBrains\IntelliJ IDEA Community Edition 2024.1.3\bin\breakgen64.dll

dbghelp: loaded successfully - version: 4.0.5 - missing functions: none
symbol engine: initialized successfully - sym options: 0x614 - pdb path: .;C:\Program Files\Java\jdk-21\bin;C:\Windows\SYSTEM32;C:\Windows\WinSxS\amd64_microsoft.windows.common-controls_6595b64144ccf1df_6.0.19041.4355_none_60b8b9eb71f62e16;C:\Program Files\Java\jdk-21\bin\server;C:\Program Files\Palo Alto Networks\Traps;C:\Users\Ranganatha.BR\AppData\Local\JetBrains\IntelliJ IDEA Community Edition 2024.1.3\bin

VM Arguments:
jvm_args: -javaagent:C:\Users\Ranganatha.BR\AppData\Local\JetBrains\IntelliJ IDEA Community Edition 2024.1.3\lib\idea_rt.jar=53511:C:\Users\Ranganatha.BR\AppData\Local\JetBrains\IntelliJ IDEA Community Edition 2024.1.3\bin -Dfile.encoding=UTF-8 -Dsun.stdout.encoding=UTF-8 -Dsun.stderr.encoding=UTF-8 -agentpath:C:\Program Files\Palo Alto Networks\Traps\cyjagent.dll 
java_command: gsCoderPadQA.MinDistanceBetweenWords
java_class_path (initial): C:\Users\Ranganatha.BR\GSPractice\MSTest\out\production\MSTest
Launcher Type: SUN_STANDARD

[Global flags]
     intx CICompilerCount                          = 4                                         {product} {ergonomic}
     uint ConcGCThreads                            = 2                                         {product} {ergonomic}
     uint G1ConcRefinementThreads                  = 8                                         {product} {ergonomic}
   size_t G1HeapRegionSize                         = 2097152                                   {product} {ergonomic}
    uintx GCDrainStackTargetSize                   = 64                                        {product} {ergonomic}
   size_t InitialHeapSize                          = 260046848                                 {product} {ergonomic}
   size_t MarkStackSize                            = 4194304                                   {product} {ergonomic}
   size_t MaxHeapSize                              = 4137680896                                {product} {ergonomic}
   size_t MaxNewSize                               = 2480930816                                {product} {ergonomic}
   size_t MinHeapDeltaBytes                        = 2097152                                   {product} {ergonomic}
   size_t MinHeapSize                              = 8388608                                   {product} {ergonomic}
    uintx NonNMethodCodeHeapSize                   = 5839372                                {pd product} {ergonomic}
    uintx NonProfiledCodeHeapSize                  = 122909434                              {pd product} {ergonomic}
    uintx ProfiledCodeHeapSize                     = 122909434                              {pd product} {ergonomic}
    uintx ReservedCodeCacheSize                    = 251658240                              {pd product} {ergonomic}
     bool SegmentedCodeCache                       = true                                      {product} {ergonomic}
   size_t SoftMaxHeapSize                          = 4137680896                             {manageable} {ergonomic}
     bool UseCompressedOops                        = true                           {product lp64_product} {ergonomic}
     bool UseG1GC                                  = true                                      {product} {ergonomic}
     bool UseLargePagesIndividualAllocation        = false                                  {pd product} {ergonomic}

Logging:
Log output configuration:
 #0: stdout all=warning uptime,level,tags foldmultilines=false
 #1: stderr all=off uptime,level,tags foldmultilines=false

Environment Variables:
JAVA_HOME=C:\Program Files\Java\jdk1.8.0_331
PATH=C:\Program Files\Common Files\Oracle\Java\javapath;C:\Program Files (x86)\Common Files\Oracle\Java\javapath;C:\Windows\system32;C:\Windows;C:\Windows\System32\Wbem;C:\Windows\System32\WindowsPowerShell\v1.0\;C:\Windows\System32\OpenSSH\;C:\Program Files\dotnet\;C:\Program Files\Java\jdk1.8.0_331\bin\;C:\Users\Ranganatha.BR\OneDrive - Apexon\Documents\apache-maven-3.9.7\bin\;C:\Users\Ranganatha.BR\AppData\Local\Microsoft\WindowsApps;C:\Users\Ranganatha.BR\AppData\Local\JetBrains\IntelliJ IDEA Community Edition 2024.1.3\bin;;C:\Users\Ranganatha.BR\AppData\Local\Programs\Git\cmd;C:\Users\Ranganatha.BR\AppData\Local\Programs\Microsoft VS Code\bin
USERNAME=Ranganatha.BR
OS=Windows_NT
PROCESSOR_IDENTIFIER=Intel64 Family 6 Model 140 Stepping 1, GenuineIntel
TMP=C:\Users\RANGAN~1.BR\AppData\Local\Temp
TEMP=C:\Users\RANGAN~1.BR\AppData\Local\Temp




Periodic native trim disabled

---------------  S Y S T E M  ---------------

OS:
 Windows 10 , 64 bit Build 19041 (10.0.19041.4842)
OS uptime: 0 days 0:24 hours
Hyper-V role detected

CPU: total 8 (initial active 8) (4 cores per cpu, 2 threads per core) family 6 model 140 stepping 1 microcode 0xb4, cx8, cmov, fxsr, ht, mmx, 3dnowpref, sse, sse2, sse3, ssse3, sse4.1, sse4.2, popcnt, lzcnt, tsc, tscinvbit, avx, avx2, aes, erms, clmul, bmi1, bmi2, adx, avx512f, avx512dq, avx512cd, avx512bw, avx512vl, sha, fma, vzeroupper, avx512_vpopcntdq, avx512_vpclmulqdq, avx512_vaes, avx512_vnni, clflush, clflushopt, clwb, avx512_vbmi2, avx512_vbmi, hv, rdtscp, rdpid, fsrm, gfni, avx512_bitalg, f16c, cet_ibt, cet_ss, avx512_ifma
Processor Information for all 8 processors :
  Max Mhz: 1382, Current Mhz: 1382, Mhz Limit: 1382

Memory: 4k page, system-wide physical 15777M (2684M free)
TotalPageFile size 32161M (AvailPageFile size 14203M)
current process WorkingSet (physical memory assigned to process): 42M, peak: 42M
current process commit charge ("private bytes"): 335M, peak: 336M

vm_info: Java HotSpot(TM) 64-Bit Server VM (21.0.3+7-LTS-152) for windows-amd64 JRE (21.0.3+7-LTS-152), built on 2024-03-11T17:42:26Z by "mach5one" with MS VC++ 17.6 (VS2022)

END.
